<?xml version="1.0" encoding="UTF-8"?>
<!-- Generated by org.testng.reporters.JUnitXMLReporter -->
<testsuite hostname="MS-20160224KOMV" ignored="0" name="Test" tests="3" failures="0" timestamp="12 八月 2019 08:34:24 GMT" time="0.041" errors="0">
  <testcase name="test001" time="0.006" classname="com.jenkins.mytest.Demo2"/>
  <testcase name="test002" time="0.0" classname="com.jenkins.mytest.Demo2"/>
  <testcase name="test003" time="0.0" classname="com.jenkins.mytest.Demo2"/>
</testsuite> <!-- Test -->
