<?xml version="1.0" encoding="UTF-8"?>
<!-- Generated by org.testng.reporters.JUnitXMLReporter -->
<testsuite hostname="ADOD-20181123WG" ignored="0" name="Test" tests="3" failures="0" timestamp="10 八月 2019 11:04:12 GMT" time="0.024" errors="0">
  <testcase name="test001" time="0.004" classname="com.jenkins.mytest.Demo2"/>
  <testcase name="test002" time="0.0" classname="com.jenkins.mytest.Demo2"/>
  <testcase name="test003" time="0.0" classname="com.jenkins.mytest.Demo2"/>
</testsuite> <!-- Test -->
