<?xml version="1.0" encoding="UTF-8"?>
<testng-results skipped="0" failed="0" ignored="0" total="3" passed="3">
  <reporter-output>
  </reporter-output>
  <suite name="Suite" duration-ms="29" started-at="2019-08-10T11:00:38Z" finished-at="2019-08-10T11:00:38Z">
    <groups>
    </groups>
    <test name="Test" duration-ms="29" started-at="2019-08-10T11:00:38Z" finished-at="2019-08-10T11:00:38Z">
      <class name="com.jenkins.mytest.Demo2">
        <test-method status="PASS" signature="test001()[pri:0, instance:com.jenkins.mytest.Demo2@9629756]" name="test001" duration-ms="8" started-at="2019-08-10T11:00:38Z" finished-at="2019-08-10T11:00:38Z">
          <reporter-output>
          </reporter-output>
        </test-method> <!-- test001 -->
        <test-method status="PASS" signature="test002()[pri:0, instance:com.jenkins.mytest.Demo2@9629756]" name="test002" duration-ms="2" started-at="2019-08-10T11:00:38Z" finished-at="2019-08-10T11:00:38Z">
          <reporter-output>
          </reporter-output>
        </test-method> <!-- test002 -->
        <test-method status="PASS" signature="test003()[pri:0, instance:com.jenkins.mytest.Demo2@9629756]" name="test003" duration-ms="1" started-at="2019-08-10T11:00:38Z" finished-at="2019-08-10T11:00:38Z">
          <reporter-output>
          </reporter-output>
        </test-method> <!-- test003 -->
      </class> <!-- com.jenkins.mytest.Demo2 -->
    </test> <!-- Test -->
  </suite> <!-- Suite -->
</testng-results>
