<?xml version="1.0" encoding="UTF-8"?>
<!-- Generated by org.testng.reporters.JUnitXMLReporter -->
<testsuite hostname="ADOD-20181123WG" ignored="0" name="Test" tests="3" failures="0" timestamp="10 八月 2019 11:00:38 GMT" time="0.029" errors="0">
  <testcase name="test001" time="0.008" classname="com.jenkins.mytest.Demo2"/>
  <testcase name="test002" time="0.002" classname="com.jenkins.mytest.Demo2"/>
  <testcase name="test003" time="0.001" classname="com.jenkins.mytest.Demo2"/>
</testsuite> <!-- Test -->
